2024-09-16 16:40:20,527 [Worker-1: Loading available Gradle versions] INFO  o.e.b.c.i.u.g.PublishedGradleVersions - Gradle version information cache is up-to-date. Trying to read.
2024-09-16 16:43:44,220 [Worker-5: Import Getting Started Content] INFO  o.e.m.c.i.l.LifecycleMappingFactory - Using org.eclipse.m2e.jdt.JarLifecycleMapping lifecycle mapping for MavenProject: com.seleniumexpress.employeeapp:employee-service:0.0.1-SNAPSHOT @ /Users/armansmac/Documents/MyProjects/Workspace_MicroService/employee-service/pom.xml.
2024-09-16 16:43:44,680 [Worker-5: Import Getting Started Content] INFO  o.e.m.c.i.e.AbstractTransferListenerAdapter - Downloading https://repo.maven.apache.org/maven2/org/springframework/boot/spring-boot-devtools/3.3.3/spring-boot-devtools-3.3.3.pom
2024-09-16 16:43:44,692 [Worker-5: Import Getting Started Content] INFO  o.e.m.c.i.e.AbstractTransferListenerAdapter - Downloaded https://repo.maven.apache.org/maven2/org/springframework/boot/spring-boot-devtools/3.3.3/spring-boot-devtools-3.3.3.pom
2024-09-16 16:43:44,736 [Worker-5: Import Getting Started Content] INFO  o.e.m.c.i.e.AbstractTransferListenerAdapter - Downloading https://repo.maven.apache.org/maven2/org/springframework/boot/spring-boot-devtools/3.3.3/spring-boot-devtools-3.3.3.jar
2024-09-16 16:43:44,779 [Worker-5: Import Getting Started Content] INFO  o.e.m.c.i.e.AbstractTransferListenerAdapter - Downloaded https://repo.maven.apache.org/maven2/org/springframework/boot/spring-boot-devtools/3.3.3/spring-boot-devtools-3.3.3.jar
2024-09-16 16:43:45,018 [Worker-5: Import Getting Started Content] INFO  o.e.m.j.i.AbstractJavaProjectConfigurator - Adding source folder /employee-service/src/main/java
2024-09-16 16:43:45,018 [Worker-5: Import Getting Started Content] INFO  o.e.m.j.i.AbstractJavaProjectConfigurator - Adding resource folder /employee-service/src/main/resources
2024-09-16 16:43:45,019 [Worker-5: Import Getting Started Content] INFO  o.e.m.j.i.AbstractJavaProjectConfigurator - Adding resource folder /employee-service/src/main/resources
2024-09-16 16:43:45,020 [Worker-5: Import Getting Started Content] INFO  o.e.m.j.i.AbstractJavaProjectConfigurator - Adding source folder /employee-service/src/test/java
2024-09-16 16:43:45,697 [Worker-5: Import Getting Started Content] INFO  o.e.m.c.i.p.ProjectConfigurationManager - Imported and configured 1 project(s) in 1 sec
2024-09-16 16:43:45,699 [Worker-5: Import Getting Started Content] INFO  o.e.m.c.i.p.ProjectConfigurationManager - Update started
2024-09-16 16:43:45,772 [Worker-5: Import Getting Started Content] INFO  o.e.m.c.i.l.LifecycleMappingFactory - Using org.eclipse.m2e.jdt.JarLifecycleMapping lifecycle mapping for MavenProject: com.seleniumexpress.employeeapp:employee-service:0.0.1-SNAPSHOT @ /Users/armansmac/Documents/MyProjects/Workspace_MicroService/employee-service/pom.xml.
2024-09-16 16:43:45,887 [Worker-5: Import Getting Started Content] INFO  o.e.m.j.i.AbstractJavaProjectConfigurator - Adding source folder /employee-service/src/main/java
2024-09-16 16:43:45,887 [Worker-5: Import Getting Started Content] INFO  o.e.m.j.i.AbstractJavaProjectConfigurator - Adding resource folder /employee-service/src/main/resources
2024-09-16 16:43:45,887 [Worker-5: Import Getting Started Content] INFO  o.e.m.j.i.AbstractJavaProjectConfigurator - Adding resource folder /employee-service/src/main/resources
2024-09-16 16:43:45,888 [Worker-5: Import Getting Started Content] INFO  o.e.m.j.i.AbstractJavaProjectConfigurator - Adding source folder /employee-service/src/test/java
2024-09-16 16:43:45,989 [Worker-1: Download sources and javadoc] INFO  o.e.m.c.i.e.AbstractTransferListenerAdapter - Downloading https://repo.maven.apache.org/maven2/org/springframework/boot/spring-boot-devtools/3.3.3/spring-boot-devtools-3.3.3-sources.jar
2024-09-16 16:43:46,031 [Worker-1: Download sources and javadoc] INFO  o.e.m.c.i.e.AbstractTransferListenerAdapter - Downloaded https://repo.maven.apache.org/maven2/org/springframework/boot/spring-boot-devtools/3.3.3/spring-boot-devtools-3.3.3-sources.jar
2024-09-16 16:43:46,033 [Worker-1: Download sources and javadoc] INFO  o.e.m.j.internal.DownloadSourcesJob - Downloaded sources for org.springframework.boot:spring-boot-devtools:3.3.3
2024-09-16 16:43:46,132 [Worker-5: Import Getting Started Content] INFO  o.e.m.c.i.p.ProjectConfigurationManager - Update completed for 1 poms: local refresh takes 0.00 sec, refresh facades takes 0.00 sec, update config takes 0.00 sec 
2024-09-16 17:02:41,290 [Worker-13: Building] INFO  o.e.m.c.i.l.LifecycleMappingFactory - Using org.eclipse.m2e.jdt.JarLifecycleMapping lifecycle mapping for MavenProject: com.seleniumexpress.employeeapp:employee-service:0.0.1-SNAPSHOT @ /Users/armansmac/Documents/MyProjects/Workspace_MicroService/employee-service/pom.xml.
2024-09-16 17:02:41,544 [Worker-13: Building] INFO  o.a.m.s.f.DefaultMavenResourcesFiltering - Copying 0 resource from src/main/resources to target/classes
2024-09-16 17:02:41,544 [Worker-13: Building] INFO  o.a.m.s.f.DefaultMavenResourcesFiltering - Copying 0 resource from src/main/resources to target/classes
2024-09-16 17:02:41,546 [Worker-13: Building] INFO  o.a.m.s.f.DefaultMavenResourcesFiltering - skip non existing resourceDirectory /Users/armansmac/Documents/MyProjects/Workspace_MicroService/employee-service/src/test/resources
2024-09-16 17:02:42,716 [Worker-15: Building] INFO  o.a.m.s.f.DefaultMavenResourcesFiltering - Copying 1 resource from src/main/resources to target/classes
2024-09-16 17:02:42,722 [Worker-15: Building] INFO  o.a.m.s.f.DefaultMavenResourcesFiltering - Copying 0 resource from src/main/resources to target/classes
2024-09-16 17:02:42,723 [Worker-15: Building] INFO  o.a.m.s.f.DefaultMavenResourcesFiltering - skip non existing resourceDirectory /Users/armansmac/Documents/MyProjects/Workspace_MicroService/employee-service/src/test/resources
2024-09-16 17:02:47,030 [Worker-13: Building] INFO  o.e.m.c.i.l.LifecycleMappingFactory - Using org.eclipse.m2e.jdt.JarLifecycleMapping lifecycle mapping for MavenProject: com.seleniumexpress.employeeapp:employee-service:0.0.1-SNAPSHOT @ /Users/armansmac/Documents/MyProjects/Workspace_MicroService/employee-service/pom.xml.
2024-09-16 17:02:47,120 [Worker-13: Building] INFO  o.a.m.s.f.DefaultMavenResourcesFiltering - Copying 0 resource from src/main/resources to target/classes
2024-09-16 17:02:47,120 [Worker-13: Building] INFO  o.a.m.s.f.DefaultMavenResourcesFiltering - Copying 0 resource from src/main/resources to target/classes
2024-09-16 17:02:47,122 [Worker-13: Building] INFO  o.a.m.s.f.DefaultMavenResourcesFiltering - skip non existing resourceDirectory /Users/armansmac/Documents/MyProjects/Workspace_MicroService/employee-service/src/test/resources
2024-09-16 17:02:50,360 [Worker-12: Building] INFO  o.e.m.c.i.l.LifecycleMappingFactory - Using org.eclipse.m2e.jdt.JarLifecycleMapping lifecycle mapping for MavenProject: com.seleniumexpress.employeeapp:employee-service:0.0.1-SNAPSHOT @ /Users/armansmac/Documents/MyProjects/Workspace_MicroService/employee-service/pom.xml.
2024-09-16 17:02:50,521 [Worker-12: Building] INFO  o.a.m.s.f.DefaultMavenResourcesFiltering - Copying 0 resource from src/main/resources to target/classes
2024-09-16 17:02:50,521 [Worker-12: Building] INFO  o.a.m.s.f.DefaultMavenResourcesFiltering - Copying 0 resource from src/main/resources to target/classes
2024-09-16 17:02:50,523 [Worker-12: Building] INFO  o.a.m.s.f.DefaultMavenResourcesFiltering - skip non existing resourceDirectory /Users/armansmac/Documents/MyProjects/Workspace_MicroService/employee-service/src/test/resources
2024-09-16 17:03:32,878 [Worker-14: Building] INFO  o.a.m.s.f.DefaultMavenResourcesFiltering - Copying 1 resource from src/main/resources to target/classes
2024-09-16 17:03:32,890 [Worker-14: Building] INFO  o.a.m.s.f.DefaultMavenResourcesFiltering - Copying 0 resource from src/main/resources to target/classes
2024-09-16 17:03:32,892 [Worker-14: Building] INFO  o.a.m.s.f.DefaultMavenResourcesFiltering - skip non existing resourceDirectory /Users/armansmac/Documents/MyProjects/Workspace_MicroService/employee-service/src/test/resources
2024-09-16 17:04:00,628 [Worker-16: Building] INFO  o.a.m.s.f.DefaultMavenResourcesFiltering - Copying 1 resource from src/main/resources to target/classes
2024-09-16 17:04:00,636 [Worker-16: Building] INFO  o.a.m.s.f.DefaultMavenResourcesFiltering - Copying 0 resource from src/main/resources to target/classes
2024-09-16 17:04:00,638 [Worker-16: Building] INFO  o.a.m.s.f.DefaultMavenResourcesFiltering - skip non existing resourceDirectory /Users/armansmac/Documents/MyProjects/Workspace_MicroService/employee-service/src/test/resources
2024-09-16 17:04:15,047 [Worker-16: Building] INFO  o.a.m.s.f.DefaultMavenResourcesFiltering - Copying 1 resource from src/main/resources to target/classes
2024-09-16 17:04:15,065 [Worker-16: Building] INFO  o.a.m.s.f.DefaultMavenResourcesFiltering - Copying 0 resource from src/main/resources to target/classes
2024-09-16 17:04:15,066 [Worker-16: Building] INFO  o.a.m.s.f.DefaultMavenResourcesFiltering - skip non existing resourceDirectory /Users/armansmac/Documents/MyProjects/Workspace_MicroService/employee-service/src/test/resources
2024-09-16 17:04:25,117 [Worker-16: Building] INFO  o.a.m.s.f.DefaultMavenResourcesFiltering - Copying 1 resource from src/main/resources to target/classes
2024-09-16 17:04:25,125 [Worker-16: Building] INFO  o.a.m.s.f.DefaultMavenResourcesFiltering - Copying 0 resource from src/main/resources to target/classes
2024-09-16 17:04:25,127 [Worker-16: Building] INFO  o.a.m.s.f.DefaultMavenResourcesFiltering - skip non existing resourceDirectory /Users/armansmac/Documents/MyProjects/Workspace_MicroService/employee-service/src/test/resources
2024-09-16 17:05:29,145 [Worker-12: Building] INFO  o.a.m.s.f.DefaultMavenResourcesFiltering - Copying 1 resource from src/main/resources to target/classes
2024-09-16 17:05:29,151 [Worker-12: Building] INFO  o.a.m.s.f.DefaultMavenResourcesFiltering - Copying 0 resource from src/main/resources to target/classes
2024-09-16 17:05:29,153 [Worker-12: Building] INFO  o.a.m.s.f.DefaultMavenResourcesFiltering - skip non existing resourceDirectory /Users/armansmac/Documents/MyProjects/Workspace_MicroService/employee-service/src/test/resources
2024-09-16 17:06:02,736 [Worker-16: Building] INFO  o.a.m.s.f.DefaultMavenResourcesFiltering - Copying 1 resource from src/main/resources to target/classes
2024-09-16 17:06:02,741 [Worker-16: Building] INFO  o.a.m.s.f.DefaultMavenResourcesFiltering - Copying 0 resource from src/main/resources to target/classes
2024-09-16 17:06:02,742 [Worker-16: Building] INFO  o.a.m.s.f.DefaultMavenResourcesFiltering - skip non existing resourceDirectory /Users/armansmac/Documents/MyProjects/Workspace_MicroService/employee-service/src/test/resources
2024-09-16 17:08:28,885 [Worker-13: Building] INFO  o.a.m.s.f.DefaultMavenResourcesFiltering - Copying 1 resource from src/main/resources to target/classes
2024-09-16 17:08:28,892 [Worker-13: Building] INFO  o.a.m.s.f.DefaultMavenResourcesFiltering - Copying 0 resource from src/main/resources to target/classes
2024-09-16 17:08:28,894 [Worker-13: Building] INFO  o.a.m.s.f.DefaultMavenResourcesFiltering - skip non existing resourceDirectory /Users/armansmac/Documents/MyProjects/Workspace_MicroService/employee-service/src/test/resources
2024-09-16 17:08:46,427 [Worker-13: Building] INFO  o.a.m.s.f.DefaultMavenResourcesFiltering - Copying 1 resource from src/main/resources to target/classes
2024-09-16 17:08:46,435 [Worker-13: Building] INFO  o.a.m.s.f.DefaultMavenResourcesFiltering - Copying 0 resource from src/main/resources to target/classes
2024-09-16 17:08:46,437 [Worker-13: Building] INFO  o.a.m.s.f.DefaultMavenResourcesFiltering - skip non existing resourceDirectory /Users/armansmac/Documents/MyProjects/Workspace_MicroService/employee-service/src/test/resources
2024-09-16 17:09:24,437 [Worker-2: Building] INFO  o.a.m.s.f.DefaultMavenResourcesFiltering - Copying 1 resource from src/main/resources to target/classes
2024-09-16 17:09:24,440 [Worker-2: Building] INFO  o.a.m.s.f.DefaultMavenResourcesFiltering - Copying 0 resource from src/main/resources to target/classes
2024-09-16 17:09:24,442 [Worker-2: Building] INFO  o.a.m.s.f.DefaultMavenResourcesFiltering - skip non existing resourceDirectory /Users/armansmac/Documents/MyProjects/Workspace_MicroService/employee-service/src/test/resources
2024-09-16 17:09:28,540 [Worker-13: Building] INFO  o.a.m.s.f.DefaultMavenResourcesFiltering - Copying 1 resource from src/main/resources to target/classes
2024-09-16 17:09:28,546 [Worker-13: Building] INFO  o.a.m.s.f.DefaultMavenResourcesFiltering - Copying 0 resource from src/main/resources to target/classes
2024-09-16 17:09:28,548 [Worker-13: Building] INFO  o.a.m.s.f.DefaultMavenResourcesFiltering - skip non existing resourceDirectory /Users/armansmac/Documents/MyProjects/Workspace_MicroService/employee-service/src/test/resources
2024-09-16 17:09:56,298 [Worker-18: Building] INFO  o.a.m.s.f.DefaultMavenResourcesFiltering - Copying 1 resource from src/main/resources to target/classes
2024-09-16 17:09:56,356 [Worker-18: Building] INFO  o.a.m.s.f.DefaultMavenResourcesFiltering - Copying 0 resource from src/main/resources to target/classes
2024-09-16 17:09:56,359 [Worker-18: Building] INFO  o.a.m.s.f.DefaultMavenResourcesFiltering - skip non existing resourceDirectory /Users/armansmac/Documents/MyProjects/Workspace_MicroService/employee-service/src/test/resources
2024-09-16 17:13:45,421 [Worker-22: Building] INFO  o.a.m.s.f.DefaultMavenResourcesFiltering - Copying 1 resource from src/main/resources to target/classes
2024-09-16 17:13:45,457 [Worker-22: Building] INFO  o.a.m.s.f.DefaultMavenResourcesFiltering - Copying 0 resource from src/main/resources to target/classes
2024-09-16 17:13:45,460 [Worker-22: Building] INFO  o.a.m.s.f.DefaultMavenResourcesFiltering - skip non existing resourceDirectory /Users/armansmac/Documents/MyProjects/Workspace_MicroService/employee-service/src/test/resources
2024-09-16 17:14:06,891 [Worker-18: Building] INFO  o.a.m.s.f.DefaultMavenResourcesFiltering - Copying 1 resource from src/main/resources to target/classes
2024-09-16 17:14:06,897 [Worker-18: Building] INFO  o.a.m.s.f.DefaultMavenResourcesFiltering - Copying 0 resource from src/main/resources to target/classes
2024-09-16 17:14:06,899 [Worker-18: Building] INFO  o.a.m.s.f.DefaultMavenResourcesFiltering - skip non existing resourceDirectory /Users/armansmac/Documents/MyProjects/Workspace_MicroService/employee-service/src/test/resources
2024-09-16 17:14:11,099 [Worker-24: Building] INFO  o.a.m.s.f.DefaultMavenResourcesFiltering - Copying 1 resource from src/main/resources to target/classes
2024-09-16 17:14:11,107 [Worker-24: Building] INFO  o.a.m.s.f.DefaultMavenResourcesFiltering - Copying 0 resource from src/main/resources to target/classes
2024-09-16 17:14:11,109 [Worker-24: Building] INFO  o.a.m.s.f.DefaultMavenResourcesFiltering - skip non existing resourceDirectory /Users/armansmac/Documents/MyProjects/Workspace_MicroService/employee-service/src/test/resources
2024-09-16 17:14:31,796 [Worker-18: Building] INFO  o.a.m.s.f.DefaultMavenResourcesFiltering - Copying 1 resource from src/main/resources to target/classes
2024-09-16 17:14:31,815 [Worker-18: Building] INFO  o.a.m.s.f.DefaultMavenResourcesFiltering - Copying 0 resource from src/main/resources to target/classes
2024-09-16 17:14:31,817 [Worker-18: Building] INFO  o.a.m.s.f.DefaultMavenResourcesFiltering - skip non existing resourceDirectory /Users/armansmac/Documents/MyProjects/Workspace_MicroService/employee-service/src/test/resources
2024-09-16 17:15:17,180 [Worker-18: Building] INFO  o.a.m.s.f.DefaultMavenResourcesFiltering - Copying 1 resource from src/main/resources to target/classes
2024-09-16 17:15:17,191 [Worker-18: Building] INFO  o.a.m.s.f.DefaultMavenResourcesFiltering - Copying 0 resource from src/main/resources to target/classes
2024-09-16 17:15:17,193 [Worker-18: Building] INFO  o.a.m.s.f.DefaultMavenResourcesFiltering - skip non existing resourceDirectory /Users/armansmac/Documents/MyProjects/Workspace_MicroService/employee-service/src/test/resources
2024-09-16 17:15:59,065 [Worker-25: Building] INFO  o.a.m.s.f.DefaultMavenResourcesFiltering - Copying 1 resource from src/main/resources to target/classes
2024-09-16 17:15:59,071 [Worker-25: Building] INFO  o.a.m.s.f.DefaultMavenResourcesFiltering - Copying 0 resource from src/main/resources to target/classes
2024-09-16 17:15:59,073 [Worker-25: Building] INFO  o.a.m.s.f.DefaultMavenResourcesFiltering - skip non existing resourceDirectory /Users/armansmac/Documents/MyProjects/Workspace_MicroService/employee-service/src/test/resources
2024-09-16 17:16:02,936 [Worker-18: Building] INFO  o.a.m.s.f.DefaultMavenResourcesFiltering - Copying 1 resource from src/main/resources to target/classes
2024-09-16 17:16:03,043 [Worker-18: Building] INFO  o.a.m.s.f.DefaultMavenResourcesFiltering - Copying 0 resource from src/main/resources to target/classes
2024-09-16 17:16:03,050 [Worker-18: Building] INFO  o.a.m.s.f.DefaultMavenResourcesFiltering - skip non existing resourceDirectory /Users/armansmac/Documents/MyProjects/Workspace_MicroService/employee-service/src/test/resources
2024-09-16 17:16:40,009 [Worker-26: Building] INFO  o.a.m.s.f.DefaultMavenResourcesFiltering - Copying 1 resource from src/main/resources to target/classes
2024-09-16 17:16:40,015 [Worker-26: Building] INFO  o.a.m.s.f.DefaultMavenResourcesFiltering - Copying 0 resource from src/main/resources to target/classes
2024-09-16 17:16:40,017 [Worker-26: Building] INFO  o.a.m.s.f.DefaultMavenResourcesFiltering - skip non existing resourceDirectory /Users/armansmac/Documents/MyProjects/Workspace_MicroService/employee-service/src/test/resources
2024-09-16 17:16:56,430 [Worker-23: Building] INFO  o.a.m.s.f.DefaultMavenResourcesFiltering - Copying 1 resource from src/main/resources to target/classes
2024-09-16 17:16:56,436 [Worker-23: Building] INFO  o.a.m.s.f.DefaultMavenResourcesFiltering - Copying 0 resource from src/main/resources to target/classes
2024-09-16 17:16:56,437 [Worker-23: Building] INFO  o.a.m.s.f.DefaultMavenResourcesFiltering - skip non existing resourceDirectory /Users/armansmac/Documents/MyProjects/Workspace_MicroService/employee-service/src/test/resources
2024-09-16 17:17:16,366 [Worker-24: Building] INFO  o.a.m.s.f.DefaultMavenResourcesFiltering - Copying 1 resource from src/main/resources to target/classes
2024-09-16 17:17:16,374 [Worker-24: Building] INFO  o.a.m.s.f.DefaultMavenResourcesFiltering - Copying 0 resource from src/main/resources to target/classes
2024-09-16 17:17:16,376 [Worker-24: Building] INFO  o.a.m.s.f.DefaultMavenResourcesFiltering - skip non existing resourceDirectory /Users/armansmac/Documents/MyProjects/Workspace_MicroService/employee-service/src/test/resources
2024-09-16 17:17:30,905 [Worker-23: Building] INFO  o.a.m.s.f.DefaultMavenResourcesFiltering - Copying 1 resource from src/main/resources to target/classes
2024-09-16 17:17:30,912 [Worker-23: Building] INFO  o.a.m.s.f.DefaultMavenResourcesFiltering - Copying 0 resource from src/main/resources to target/classes
2024-09-16 17:17:30,913 [Worker-23: Building] INFO  o.a.m.s.f.DefaultMavenResourcesFiltering - skip non existing resourceDirectory /Users/armansmac/Documents/MyProjects/Workspace_MicroService/employee-service/src/test/resources
2024-09-16 17:20:41,086 [Worker-22: Building] INFO  o.a.m.s.f.DefaultMavenResourcesFiltering - Copying 1 resource from src/main/resources to target/classes
2024-09-16 17:20:41,092 [Worker-22: Building] INFO  o.a.m.s.f.DefaultMavenResourcesFiltering - Copying 0 resource from src/main/resources to target/classes
2024-09-16 17:20:41,094 [Worker-22: Building] INFO  o.a.m.s.f.DefaultMavenResourcesFiltering - skip non existing resourceDirectory /Users/armansmac/Documents/MyProjects/Workspace_MicroService/employee-service/src/test/resources
2024-09-16 17:21:21,025 [Worker-24: Building] INFO  o.a.m.s.f.DefaultMavenResourcesFiltering - Copying 1 resource from src/main/resources to target/classes
2024-09-16 17:21:21,030 [Worker-24: Building] INFO  o.a.m.s.f.DefaultMavenResourcesFiltering - Copying 0 resource from src/main/resources to target/classes
2024-09-16 17:21:21,031 [Worker-24: Building] INFO  o.a.m.s.f.DefaultMavenResourcesFiltering - skip non existing resourceDirectory /Users/armansmac/Documents/MyProjects/Workspace_MicroService/employee-service/src/test/resources
2024-09-16 17:22:28,947 [Worker-29: Building] INFO  o.a.m.s.f.DefaultMavenResourcesFiltering - Copying 1 resource from src/main/resources to target/classes
2024-09-16 17:22:28,952 [Worker-29: Building] INFO  o.a.m.s.f.DefaultMavenResourcesFiltering - Copying 0 resource from src/main/resources to target/classes
2024-09-16 17:22:28,953 [Worker-29: Building] INFO  o.a.m.s.f.DefaultMavenResourcesFiltering - skip non existing resourceDirectory /Users/armansmac/Documents/MyProjects/Workspace_MicroService/employee-service/src/test/resources
2024-09-16 17:23:25,982 [Worker-28: Building] INFO  o.a.m.s.f.DefaultMavenResourcesFiltering - Copying 1 resource from src/main/resources to target/classes
2024-09-16 17:23:25,986 [Worker-28: Building] INFO  o.a.m.s.f.DefaultMavenResourcesFiltering - Copying 0 resource from src/main/resources to target/classes
2024-09-16 17:23:25,987 [Worker-28: Building] INFO  o.a.m.s.f.DefaultMavenResourcesFiltering - skip non existing resourceDirectory /Users/armansmac/Documents/MyProjects/Workspace_MicroService/employee-service/src/test/resources
2024-09-16 17:23:42,379 [Worker-22: Building] INFO  o.a.m.s.f.DefaultMavenResourcesFiltering - Copying 1 resource from src/main/resources to target/classes
2024-09-16 17:23:42,385 [Worker-22: Building] INFO  o.a.m.s.f.DefaultMavenResourcesFiltering - Copying 0 resource from src/main/resources to target/classes
2024-09-16 17:23:42,386 [Worker-22: Building] INFO  o.a.m.s.f.DefaultMavenResourcesFiltering - skip non existing resourceDirectory /Users/armansmac/Documents/MyProjects/Workspace_MicroService/employee-service/src/test/resources
2024-09-16 17:25:18,463 [Worker-24: Building] INFO  o.a.m.s.f.DefaultMavenResourcesFiltering - Copying 1 resource from src/main/resources to target/classes
2024-09-16 17:25:18,468 [Worker-24: Building] INFO  o.a.m.s.f.DefaultMavenResourcesFiltering - Copying 0 resource from src/main/resources to target/classes
2024-09-16 17:25:18,470 [Worker-24: Building] INFO  o.a.m.s.f.DefaultMavenResourcesFiltering - skip non existing resourceDirectory /Users/armansmac/Documents/MyProjects/Workspace_MicroService/employee-service/src/test/resources
2024-09-16 17:25:39,512 [Worker-29: Building] INFO  o.a.m.s.f.DefaultMavenResourcesFiltering - Copying 1 resource from src/main/resources to target/classes
2024-09-16 17:25:39,520 [Worker-29: Building] INFO  o.a.m.s.f.DefaultMavenResourcesFiltering - Copying 0 resource from src/main/resources to target/classes
2024-09-16 17:25:39,521 [Worker-29: Building] INFO  o.a.m.s.f.DefaultMavenResourcesFiltering - skip non existing resourceDirectory /Users/armansmac/Documents/MyProjects/Workspace_MicroService/employee-service/src/test/resources
2024-09-16 17:25:45,498 [Worker-29: Building] INFO  o.a.m.s.f.DefaultMavenResourcesFiltering - Copying 1 resource from src/main/resources to target/classes
2024-09-16 17:25:45,503 [Worker-29: Building] INFO  o.a.m.s.f.DefaultMavenResourcesFiltering - Copying 0 resource from src/main/resources to target/classes
2024-09-16 17:25:45,504 [Worker-29: Building] INFO  o.a.m.s.f.DefaultMavenResourcesFiltering - skip non existing resourceDirectory /Users/armansmac/Documents/MyProjects/Workspace_MicroService/employee-service/src/test/resources
2024-09-16 17:26:03,490 [Worker-29: Building] INFO  o.a.m.s.f.DefaultMavenResourcesFiltering - Copying 1 resource from src/main/resources to target/classes
2024-09-16 17:26:03,498 [Worker-29: Building] INFO  o.a.m.s.f.DefaultMavenResourcesFiltering - Copying 0 resource from src/main/resources to target/classes
2024-09-16 17:26:03,500 [Worker-29: Building] INFO  o.a.m.s.f.DefaultMavenResourcesFiltering - skip non existing resourceDirectory /Users/armansmac/Documents/MyProjects/Workspace_MicroService/employee-service/src/test/resources
2024-09-16 17:26:42,092 [Worker-30: Building] INFO  o.a.m.s.f.DefaultMavenResourcesFiltering - Copying 1 resource from src/main/resources to target/classes
2024-09-16 17:26:42,096 [Worker-30: Building] INFO  o.a.m.s.f.DefaultMavenResourcesFiltering - Copying 0 resource from src/main/resources to target/classes
2024-09-16 17:26:42,098 [Worker-30: Building] INFO  o.a.m.s.f.DefaultMavenResourcesFiltering - skip non existing resourceDirectory /Users/armansmac/Documents/MyProjects/Workspace_MicroService/employee-service/src/test/resources
2024-09-16 17:27:21,101 [Worker-30: Building] INFO  o.a.m.s.f.DefaultMavenResourcesFiltering - Copying 1 resource from src/main/resources to target/classes
2024-09-16 17:27:21,105 [Worker-30: Building] INFO  o.a.m.s.f.DefaultMavenResourcesFiltering - Copying 0 resource from src/main/resources to target/classes
2024-09-16 17:27:21,107 [Worker-30: Building] INFO  o.a.m.s.f.DefaultMavenResourcesFiltering - skip non existing resourceDirectory /Users/armansmac/Documents/MyProjects/Workspace_MicroService/employee-service/src/test/resources
2024-09-16 17:27:25,140 [Worker-22: Building] INFO  o.a.m.s.f.DefaultMavenResourcesFiltering - Copying 1 resource from src/main/resources to target/classes
2024-09-16 17:27:25,144 [Worker-22: Building] INFO  o.a.m.s.f.DefaultMavenResourcesFiltering - Copying 0 resource from src/main/resources to target/classes
2024-09-16 17:27:25,145 [Worker-22: Building] INFO  o.a.m.s.f.DefaultMavenResourcesFiltering - skip non existing resourceDirectory /Users/armansmac/Documents/MyProjects/Workspace_MicroService/employee-service/src/test/resources
2024-09-16 17:27:28,026 [Worker-29: Building] INFO  o.a.m.s.f.DefaultMavenResourcesFiltering - Copying 1 resource from src/main/resources to target/classes
2024-09-16 17:27:28,030 [Worker-29: Building] INFO  o.a.m.s.f.DefaultMavenResourcesFiltering - Copying 0 resource from src/main/resources to target/classes
2024-09-16 17:27:28,031 [Worker-29: Building] INFO  o.a.m.s.f.DefaultMavenResourcesFiltering - skip non existing resourceDirectory /Users/armansmac/Documents/MyProjects/Workspace_MicroService/employee-service/src/test/resources
2024-09-16 17:28:32,002 [Worker-22: Building] INFO  o.a.m.s.f.DefaultMavenResourcesFiltering - Copying 1 resource from src/main/resources to target/classes
2024-09-16 17:28:32,008 [Worker-22: Building] INFO  o.a.m.s.f.DefaultMavenResourcesFiltering - Copying 0 resource from src/main/resources to target/classes
2024-09-16 17:28:32,009 [Worker-22: Building] INFO  o.a.m.s.f.DefaultMavenResourcesFiltering - skip non existing resourceDirectory /Users/armansmac/Documents/MyProjects/Workspace_MicroService/employee-service/src/test/resources
2024-09-16 17:28:50,201 [Worker-29: Building] INFO  o.a.m.s.f.DefaultMavenResourcesFiltering - Copying 1 resource from src/main/resources to target/classes
2024-09-16 17:28:50,207 [Worker-29: Building] INFO  o.a.m.s.f.DefaultMavenResourcesFiltering - Copying 0 resource from src/main/resources to target/classes
2024-09-16 17:28:50,209 [Worker-29: Building] INFO  o.a.m.s.f.DefaultMavenResourcesFiltering - skip non existing resourceDirectory /Users/armansmac/Documents/MyProjects/Workspace_MicroService/employee-service/src/test/resources
2024-09-16 17:29:05,074 [Worker-26: Launching Executing clean in _Users_armansmac_Documents_MyProjects_Workspace_MicroService_employee-service] INFO  o.eclipse.m2e.core.internal.Bundles - getClasspathEntries(Bundle=org.eclipse.m2e.maven.runtime_3.8.604.20221130-2149 [340])
2024-09-16 17:29:05,076 [Worker-26: Launching Executing clean in _Users_armansmac_Documents_MyProjects_Workspace_MicroService_employee-service] INFO  o.eclipse.m2e.core.internal.Bundles - 	Entry: /Applications/SpringToolSuite4.app/Contents/Eclipse/plugins/org.eclipse.m2e.maven.runtime_3.8.604.20221130-2149
2024-09-16 17:29:05,076 [Worker-26: Launching Executing clean in _Users_armansmac_Documents_MyProjects_Workspace_MicroService_employee-service] INFO  o.eclipse.m2e.core.internal.Bundles - 	Entry: /Applications/SpringToolSuite4.app/Contents/Eclipse/plugins/org.eclipse.m2e.maven.runtime_3.8.604.20221130-2149/jars/aether-connector-okhttp-0.17.8.jar
2024-09-16 17:29:05,077 [Worker-26: Launching Executing clean in _Users_armansmac_Documents_MyProjects_Workspace_MicroService_employee-service] INFO  o.eclipse.m2e.core.internal.Bundles - 	Entry: /Applications/SpringToolSuite4.app/Contents/Eclipse/plugins/org.eclipse.m2e.maven.runtime_3.8.604.20221130-2149/jars/commons-cli-1.4.jar
2024-09-16 17:29:05,077 [Worker-26: Launching Executing clean in _Users_armansmac_Documents_MyProjects_Workspace_MicroService_employee-service] INFO  o.eclipse.m2e.core.internal.Bundles - 	Entry: /Applications/SpringToolSuite4.app/Contents/Eclipse/plugins/org.eclipse.m2e.maven.runtime_3.8.604.20221130-2149/jars/commons-io-2.6.jar
2024-09-16 17:29:05,077 [Worker-26: Launching Executing clean in _Users_armansmac_Documents_MyProjects_Workspace_MicroService_employee-service] INFO  o.eclipse.m2e.core.internal.Bundles - 	Entry: /Applications/SpringToolSuite4.app/Contents/Eclipse/plugins/org.eclipse.m2e.maven.runtime_3.8.604.20221130-2149/jars/commons-lang3-3.8.1.jar
2024-09-16 17:29:05,077 [Worker-26: Launching Executing clean in _Users_armansmac_Documents_MyProjects_Workspace_MicroService_employee-service] INFO  o.eclipse.m2e.core.internal.Bundles - 	Entry: /Applications/SpringToolSuite4.app/Contents/Eclipse/plugins/org.eclipse.m2e.maven.runtime_3.8.604.20221130-2149/jars/guice-4.2.2-no_aop.jar
2024-09-16 17:29:05,077 [Worker-26: Launching Executing clean in _Users_armansmac_Documents_MyProjects_Workspace_MicroService_employee-service] INFO  o.eclipse.m2e.core.internal.Bundles - 	Entry: /Applications/SpringToolSuite4.app/Contents/Eclipse/plugins/org.eclipse.m2e.maven.runtime_3.8.604.20221130-2149/jars/jansi-2.4.0.jar
2024-09-16 17:29:05,077 [Worker-26: Launching Executing clean in _Users_armansmac_Documents_MyProjects_Workspace_MicroService_employee-service] INFO  o.eclipse.m2e.core.internal.Bundles - 	Entry: /Applications/SpringToolSuite4.app/Contents/Eclipse/plugins/org.eclipse.m2e.maven.runtime_3.8.604.20221130-2149/jars/maven-artifact-3.8.6.jar
2024-09-16 17:29:05,077 [Worker-26: Launching Executing clean in _Users_armansmac_Documents_MyProjects_Workspace_MicroService_employee-service] INFO  o.eclipse.m2e.core.internal.Bundles - 	Entry: /Applications/SpringToolSuite4.app/Contents/Eclipse/plugins/org.eclipse.m2e.maven.runtime_3.8.604.20221130-2149/jars/maven-builder-support-3.8.6.jar
2024-09-16 17:29:05,077 [Worker-26: Launching Executing clean in _Users_armansmac_Documents_MyProjects_Workspace_MicroService_employee-service] INFO  o.eclipse.m2e.core.internal.Bundles - 	Entry: /Applications/SpringToolSuite4.app/Contents/Eclipse/plugins/org.eclipse.m2e.maven.runtime_3.8.604.20221130-2149/jars/maven-compat-3.8.6.jar
2024-09-16 17:29:05,077 [Worker-26: Launching Executing clean in _Users_armansmac_Documents_MyProjects_Workspace_MicroService_employee-service] INFO  o.eclipse.m2e.core.internal.Bundles - 	Entry: /Applications/SpringToolSuite4.app/Contents/Eclipse/plugins/org.eclipse.m2e.maven.runtime_3.8.604.20221130-2149/jars/maven-core-3.8.6.jar
2024-09-16 17:29:05,077 [Worker-26: Launching Executing clean in _Users_armansmac_Documents_MyProjects_Workspace_MicroService_employee-service] INFO  o.eclipse.m2e.core.internal.Bundles - 	Entry: /Applications/SpringToolSuite4.app/Contents/Eclipse/plugins/org.eclipse.m2e.maven.runtime_3.8.604.20221130-2149/jars/maven-embedder-3.8.6.jar
2024-09-16 17:29:05,077 [Worker-26: Launching Executing clean in _Users_armansmac_Documents_MyProjects_Workspace_MicroService_employee-service] INFO  o.eclipse.m2e.core.internal.Bundles - 	Entry: /Applications/SpringToolSuite4.app/Contents/Eclipse/plugins/org.eclipse.m2e.maven.runtime_3.8.604.20221130-2149/jars/maven-model-3.8.6.jar
2024-09-16 17:29:05,077 [Worker-26: Launching Executing clean in _Users_armansmac_Documents_MyProjects_Workspace_MicroService_employee-service] INFO  o.eclipse.m2e.core.internal.Bundles - 	Entry: /Applications/SpringToolSuite4.app/Contents/Eclipse/plugins/org.eclipse.m2e.maven.runtime_3.8.604.20221130-2149/jars/maven-model-builder-3.8.6.jar
2024-09-16 17:29:05,077 [Worker-26: Launching Executing clean in _Users_armansmac_Documents_MyProjects_Workspace_MicroService_employee-service] INFO  o.eclipse.m2e.core.internal.Bundles - 	Entry: /Applications/SpringToolSuite4.app/Contents/Eclipse/plugins/org.eclipse.m2e.maven.runtime_3.8.604.20221130-2149/jars/maven-plugin-api-3.8.6.jar
2024-09-16 17:29:05,077 [Worker-26: Launching Executing clean in _Users_armansmac_Documents_MyProjects_Workspace_MicroService_employee-service] INFO  o.eclipse.m2e.core.internal.Bundles - 	Entry: /Applications/SpringToolSuite4.app/Contents/Eclipse/plugins/org.eclipse.m2e.maven.runtime_3.8.604.20221130-2149/jars/maven-repository-metadata-3.8.6.jar
2024-09-16 17:29:05,077 [Worker-26: Launching Executing clean in _Users_armansmac_Documents_MyProjects_Workspace_MicroService_employee-service] INFO  o.eclipse.m2e.core.internal.Bundles - 	Entry: /Applications/SpringToolSuite4.app/Contents/Eclipse/plugins/org.eclipse.m2e.maven.runtime_3.8.604.20221130-2149/jars/maven-resolver-api-1.6.3.jar
2024-09-16 17:29:05,077 [Worker-26: Launching Executing clean in _Users_armansmac_Documents_MyProjects_Workspace_MicroService_employee-service] INFO  o.eclipse.m2e.core.internal.Bundles - 	Entry: /Applications/SpringToolSuite4.app/Contents/Eclipse/plugins/org.eclipse.m2e.maven.runtime_3.8.604.20221130-2149/jars/maven-resolver-connector-basic-1.6.3.jar
2024-09-16 17:29:05,077 [Worker-26: Launching Executing clean in _Users_armansmac_Documents_MyProjects_Workspace_MicroService_employee-service] INFO  o.eclipse.m2e.core.internal.Bundles - 	Entry: /Applications/SpringToolSuite4.app/Contents/Eclipse/plugins/org.eclipse.m2e.maven.runtime_3.8.604.20221130-2149/jars/maven-resolver-impl-1.6.3.jar
2024-09-16 17:29:05,077 [Worker-26: Launching Executing clean in _Users_armansmac_Documents_MyProjects_Workspace_MicroService_employee-service] INFO  o.eclipse.m2e.core.internal.Bundles - 	Entry: /Applications/SpringToolSuite4.app/Contents/Eclipse/plugins/org.eclipse.m2e.maven.runtime_3.8.604.20221130-2149/jars/maven-resolver-provider-3.8.6.jar
2024-09-16 17:29:05,077 [Worker-26: Launching Executing clean in _Users_armansmac_Documents_MyProjects_Workspace_MicroService_employee-service] INFO  o.eclipse.m2e.core.internal.Bundles - 	Entry: /Applications/SpringToolSuite4.app/Contents/Eclipse/plugins/org.eclipse.m2e.maven.runtime_3.8.604.20221130-2149/jars/maven-resolver-spi-1.6.3.jar
2024-09-16 17:29:05,077 [Worker-26: Launching Executing clean in _Users_armansmac_Documents_MyProjects_Workspace_MicroService_employee-service] INFO  o.eclipse.m2e.core.internal.Bundles - 	Entry: /Applications/SpringToolSuite4.app/Contents/Eclipse/plugins/org.eclipse.m2e.maven.runtime_3.8.604.20221130-2149/jars/maven-resolver-transport-wagon-1.6.3.jar
2024-09-16 17:29:05,077 [Worker-26: Launching Executing clean in _Users_armansmac_Documents_MyProjects_Workspace_MicroService_employee-service] INFO  o.eclipse.m2e.core.internal.Bundles - 	Entry: /Applications/SpringToolSuite4.app/Contents/Eclipse/plugins/org.eclipse.m2e.maven.runtime_3.8.604.20221130-2149/jars/maven-resolver-util-1.6.3.jar
2024-09-16 17:29:05,077 [Worker-26: Launching Executing clean in _Users_armansmac_Documents_MyProjects_Workspace_MicroService_employee-service] INFO  o.eclipse.m2e.core.internal.Bundles - 	Entry: /Applications/SpringToolSuite4.app/Contents/Eclipse/plugins/org.eclipse.m2e.maven.runtime_3.8.604.20221130-2149/jars/maven-settings-3.8.6.jar
2024-09-16 17:29:05,077 [Worker-26: Launching Executing clean in _Users_armansmac_Documents_MyProjects_Workspace_MicroService_employee-service] INFO  o.eclipse.m2e.core.internal.Bundles - 	Entry: /Applications/SpringToolSuite4.app/Contents/Eclipse/plugins/org.eclipse.m2e.maven.runtime_3.8.604.20221130-2149/jars/maven-settings-builder-3.8.6.jar
2024-09-16 17:29:05,077 [Worker-26: Launching Executing clean in _Users_armansmac_Documents_MyProjects_Workspace_MicroService_employee-service] INFO  o.eclipse.m2e.core.internal.Bundles - 	Entry: /Applications/SpringToolSuite4.app/Contents/Eclipse/plugins/org.eclipse.m2e.maven.runtime_3.8.604.20221130-2149/jars/maven-shared-utils-3.3.4.jar
2024-09-16 17:29:05,077 [Worker-26: Launching Executing clean in _Users_armansmac_Documents_MyProjects_Workspace_MicroService_employee-service] INFO  o.eclipse.m2e.core.internal.Bundles - 	Entry: /Applications/SpringToolSuite4.app/Contents/Eclipse/plugins/org.eclipse.m2e.maven.runtime_3.8.604.20221130-2149/jars/okhttp-3.14.1.jar
2024-09-16 17:29:05,077 [Worker-26: Launching Executing clean in _Users_armansmac_Documents_MyProjects_Workspace_MicroService_employee-service] INFO  o.eclipse.m2e.core.internal.Bundles - 	Entry: /Applications/SpringToolSuite4.app/Contents/Eclipse/plugins/org.eclipse.m2e.maven.runtime_3.8.604.20221130-2149/jars/okio-1.17.3.jar
2024-09-16 17:29:05,077 [Worker-26: Launching Executing clean in _Users_armansmac_Documents_MyProjects_Workspace_MicroService_employee-service] INFO  o.eclipse.m2e.core.internal.Bundles - 	Entry: /Applications/SpringToolSuite4.app/Contents/Eclipse/plugins/org.eclipse.m2e.maven.runtime_3.8.604.20221130-2149/jars/org.eclipse.sisu.inject-0.3.5.jar
2024-09-16 17:29:05,077 [Worker-26: Launching Executing clean in _Users_armansmac_Documents_MyProjects_Workspace_MicroService_employee-service] INFO  o.eclipse.m2e.core.internal.Bundles - 	Entry: /Applications/SpringToolSuite4.app/Contents/Eclipse/plugins/org.eclipse.m2e.maven.runtime_3.8.604.20221130-2149/jars/org.eclipse.sisu.plexus-0.3.5.jar
2024-09-16 17:29:05,077 [Worker-26: Launching Executing clean in _Users_armansmac_Documents_MyProjects_Workspace_MicroService_employee-service] INFO  o.eclipse.m2e.core.internal.Bundles - 	Entry: /Applications/SpringToolSuite4.app/Contents/Eclipse/plugins/org.eclipse.m2e.maven.runtime_3.8.604.20221130-2149/jars/plexus-build-api-0.0.7.jar
2024-09-16 17:29:05,077 [Worker-26: Launching Executing clean in _Users_armansmac_Documents_MyProjects_Workspace_MicroService_employee-service] INFO  o.eclipse.m2e.core.internal.Bundles - 	Entry: /Applications/SpringToolSuite4.app/Contents/Eclipse/plugins/org.eclipse.m2e.maven.runtime_3.8.604.20221130-2149/jars/plexus-cipher-2.0.jar
2024-09-16 17:29:05,078 [Worker-26: Launching Executing clean in _Users_armansmac_Documents_MyProjects_Workspace_MicroService_employee-service] INFO  o.eclipse.m2e.core.internal.Bundles - 	Entry: /Applications/SpringToolSuite4.app/Contents/Eclipse/plugins/org.eclipse.m2e.maven.runtime_3.8.604.20221130-2149/jars/plexus-classworlds-2.6.0.jar
2024-09-16 17:29:05,078 [Worker-26: Launching Executing clean in _Users_armansmac_Documents_MyProjects_Workspace_MicroService_employee-service] INFO  o.eclipse.m2e.core.internal.Bundles - 	Entry: /Applications/SpringToolSuite4.app/Contents/Eclipse/plugins/org.eclipse.m2e.maven.runtime_3.8.604.20221130-2149/jars/plexus-component-annotations-2.1.0.jar
2024-09-16 17:29:05,078 [Worker-26: Launching Executing clean in _Users_armansmac_Documents_MyProjects_Workspace_MicroService_employee-service] INFO  o.eclipse.m2e.core.internal.Bundles - 	Entry: /Applications/SpringToolSuite4.app/Contents/Eclipse/plugins/org.eclipse.m2e.maven.runtime_3.8.604.20221130-2149/jars/plexus-interpolation-1.26.jar
2024-09-16 17:29:05,078 [Worker-26: Launching Executing clean in _Users_armansmac_Documents_MyProjects_Workspace_MicroService_employee-service] INFO  o.eclipse.m2e.core.internal.Bundles - 	Entry: /Applications/SpringToolSuite4.app/Contents/Eclipse/plugins/org.eclipse.m2e.maven.runtime_3.8.604.20221130-2149/jars/plexus-sec-dispatcher-2.0.jar
2024-09-16 17:29:05,078 [Worker-26: Launching Executing clean in _Users_armansmac_Documents_MyProjects_Workspace_MicroService_employee-service] INFO  o.eclipse.m2e.core.internal.Bundles - 	Entry: /Applications/SpringToolSuite4.app/Contents/Eclipse/plugins/org.eclipse.m2e.maven.runtime_3.8.604.20221130-2149/jars/plexus-utils-3.3.1.jar
2024-09-16 17:29:05,078 [Worker-26: Launching Executing clean in _Users_armansmac_Documents_MyProjects_Workspace_MicroService_employee-service] INFO  o.eclipse.m2e.core.internal.Bundles - 	Entry: /Applications/SpringToolSuite4.app/Contents/Eclipse/plugins/org.eclipse.m2e.maven.runtime_3.8.604.20221130-2149/jars/wagon-file-3.5.1.jar
2024-09-16 17:29:05,078 [Worker-26: Launching Executing clean in _Users_armansmac_Documents_MyProjects_Workspace_MicroService_employee-service] INFO  o.eclipse.m2e.core.internal.Bundles - 	Entry: /Applications/SpringToolSuite4.app/Contents/Eclipse/plugins/org.eclipse.m2e.maven.runtime_3.8.604.20221130-2149/jars/wagon-provider-api-3.5.1.jar
2024-09-16 17:29:05,078 [Worker-26: Launching Executing clean in _Users_armansmac_Documents_MyProjects_Workspace_MicroService_employee-service] INFO  o.eclipse.m2e.core.internal.Bundles - getClasspathEntries(Bundle=com.google.guava_30.1.0.v20221112-0806 [22])
2024-09-16 17:29:05,079 [Worker-26: Launching Executing clean in _Users_armansmac_Documents_MyProjects_Workspace_MicroService_employee-service] INFO  o.eclipse.m2e.core.internal.Bundles - 	Entry: /Applications/SpringToolSuite4.app/Contents/Eclipse/plugins/com.google.guava_30.1.0.v20221112-0806.jar
2024-09-16 17:29:05,079 [Worker-26: Launching Executing clean in _Users_armansmac_Documents_MyProjects_Workspace_MicroService_employee-service] INFO  o.eclipse.m2e.core.internal.Bundles - getClasspathEntries(Bundle=slf4j.api_1.7.36 [579])
2024-09-16 17:29:05,079 [Worker-26: Launching Executing clean in _Users_armansmac_Documents_MyProjects_Workspace_MicroService_employee-service] INFO  o.eclipse.m2e.core.internal.Bundles - 	Entry: /Applications/SpringToolSuite4.app/Contents/Eclipse/plugins/slf4j.api_1.7.36.jar
2024-09-16 17:29:05,079 [Worker-26: Launching Executing clean in _Users_armansmac_Documents_MyProjects_Workspace_MicroService_employee-service] INFO  o.eclipse.m2e.core.internal.Bundles - getClasspathEntries(Bundle=javax.inject_1.0.0.v20220405-0441 [49])
2024-09-16 17:29:05,080 [Worker-26: Launching Executing clean in _Users_armansmac_Documents_MyProjects_Workspace_MicroService_employee-service] INFO  o.eclipse.m2e.core.internal.Bundles - 	Entry: /Applications/SpringToolSuite4.app/Contents/Eclipse/plugins/javax.inject_1.0.0.v20220405-0441.jar
2024-09-16 17:29:05,080 [Worker-26: Launching Executing clean in _Users_armansmac_Documents_MyProjects_Workspace_MicroService_employee-service] INFO  o.eclipse.m2e.core.internal.Bundles - getClasspathEntries(Bundle=javax.annotation_1.3.5.v20221112-0806 [47])
2024-09-16 17:29:05,080 [Worker-26: Launching Executing clean in _Users_armansmac_Documents_MyProjects_Workspace_MicroService_employee-service] INFO  o.eclipse.m2e.core.internal.Bundles - 	Entry: /Applications/SpringToolSuite4.app/Contents/Eclipse/plugins/javax.annotation_1.3.5.v20221112-0806.jar
2024-09-16 17:29:05,082 [Worker-26: Launching Executing clean in _Users_armansmac_Documents_MyProjects_Workspace_MicroService_employee-service] INFO  o.e.m.i.launch.MavenLaunchDelegate - Run build in "/Users/armansmac/Documents/MyProjects/Workspace_MicroService/employee-service":
2024-09-16 17:29:05,084 [Worker-26: Launching Executing clean in _Users_armansmac_Documents_MyProjects_Workspace_MicroService_employee-service] INFO  o.e.m.i.launch.MavenLaunchDelegate -  mvn  -Ppom.xml -B -Dstyle.color=always clean
2024-09-16 17:29:06,702 [Worker-30: Building] INFO  o.a.m.s.f.DefaultMavenResourcesFiltering - Copying 1 resource from src/main/resources to target/classes
2024-09-16 17:29:06,707 [Worker-30: Building] INFO  o.a.m.s.f.DefaultMavenResourcesFiltering - Copying 0 resource from src/main/resources to target/classes
2024-09-16 17:29:06,708 [Worker-30: Building] INFO  o.a.m.s.f.DefaultMavenResourcesFiltering - skip non existing resourceDirectory /Users/armansmac/Documents/MyProjects/Workspace_MicroService/employee-service/src/test/resources
2024-09-16 17:29:11,309 [Worker-31: Launching Executing install in _Users_armansmac_Documents_MyProjects_Workspace_MicroService_employee-service] INFO  o.e.m.i.launch.MavenLaunchDelegate - Run build in "/Users/armansmac/Documents/MyProjects/Workspace_MicroService/employee-service":
2024-09-16 17:29:11,309 [Worker-31: Launching Executing install in _Users_armansmac_Documents_MyProjects_Workspace_MicroService_employee-service] INFO  o.e.m.i.launch.MavenLaunchDelegate -  mvn  -Ppom.xml -B -Dstyle.color=always install
2024-09-16 17:29:16,952 [Worker-22: Building] INFO  o.a.m.s.f.DefaultMavenResourcesFiltering - Copying 1 resource from src/main/resources to target/classes
2024-09-16 17:29:16,953 [Worker-22: Building] INFO  o.a.m.s.f.DefaultMavenResourcesFiltering - Copying 0 resource from src/main/resources to target/classes
2024-09-16 17:29:16,954 [Worker-22: Building] INFO  o.a.m.s.f.DefaultMavenResourcesFiltering - skip non existing resourceDirectory /Users/armansmac/Documents/MyProjects/Workspace_MicroService/employee-service/src/test/resources
2024-09-16 17:29:55,508 [Worker-31: Building] INFO  o.a.m.s.f.DefaultMavenResourcesFiltering - Copying 1 resource from src/main/resources to target/classes
2024-09-16 17:29:55,515 [Worker-31: Building] INFO  o.a.m.s.f.DefaultMavenResourcesFiltering - Copying 0 resource from src/main/resources to target/classes
2024-09-16 17:29:55,517 [Worker-31: Building] INFO  o.a.m.s.f.DefaultMavenResourcesFiltering - skip non existing resourceDirectory /Users/armansmac/Documents/MyProjects/Workspace_MicroService/employee-service/src/test/resources
2024-09-16 17:32:12,402 [Worker-22: Building] INFO  o.a.m.s.f.DefaultMavenResourcesFiltering - Copying 1 resource from src/main/resources to target/classes
2024-09-16 17:32:12,406 [Worker-22: Building] INFO  o.a.m.s.f.DefaultMavenResourcesFiltering - Copying 0 resource from src/main/resources to target/classes
2024-09-16 17:32:12,407 [Worker-22: Building] INFO  o.a.m.s.f.DefaultMavenResourcesFiltering - skip non existing resourceDirectory /Users/armansmac/Documents/MyProjects/Workspace_MicroService/employee-service/src/test/resources
2024-09-16 17:35:08,422 [Worker-22: Building] INFO  o.a.m.s.f.DefaultMavenResourcesFiltering - Copying 1 resource from src/main/resources to target/classes
2024-09-16 17:35:08,430 [Worker-22: Building] INFO  o.a.m.s.f.DefaultMavenResourcesFiltering - Copying 0 resource from src/main/resources to target/classes
2024-09-16 17:35:08,432 [Worker-22: Building] INFO  o.a.m.s.f.DefaultMavenResourcesFiltering - skip non existing resourceDirectory /Users/armansmac/Documents/MyProjects/Workspace_MicroService/employee-service/src/test/resources
2024-09-16 17:35:13,467 [Worker-37: Building] INFO  o.a.m.s.f.DefaultMavenResourcesFiltering - Copying 1 resource from src/main/resources to target/classes
2024-09-16 17:35:13,478 [Worker-37: Building] INFO  o.a.m.s.f.DefaultMavenResourcesFiltering - Copying 0 resource from src/main/resources to target/classes
2024-09-16 17:35:13,480 [Worker-37: Building] INFO  o.a.m.s.f.DefaultMavenResourcesFiltering - skip non existing resourceDirectory /Users/armansmac/Documents/MyProjects/Workspace_MicroService/employee-service/src/test/resources
2024-09-16 17:35:39,313 [Worker-37: Building] INFO  o.a.m.s.f.DefaultMavenResourcesFiltering - Copying 1 resource from src/main/resources to target/classes
2024-09-16 17:35:39,318 [Worker-37: Building] INFO  o.a.m.s.f.DefaultMavenResourcesFiltering - Copying 0 resource from src/main/resources to target/classes
2024-09-16 17:35:39,320 [Worker-37: Building] INFO  o.a.m.s.f.DefaultMavenResourcesFiltering - skip non existing resourceDirectory /Users/armansmac/Documents/MyProjects/Workspace_MicroService/employee-service/src/test/resources
